kotlin version: 2.1.0
error message: org.jetbrains.kotlin.backend.common.BackendException: Backend Internal error: Exception during IR lowering
File being compiled: C:/Users/patri/OneDrive/Organizar/Faculdade/UFU/PDM/QuizApp/QuizApp/app/src/main/java/np/com/bimalkafle/quizonline/login/page/LoginPage.kt
The root cause java.lang.RuntimeException was thrown at: org.jetbrains.kotlin.backend.jvm.codegen.FunctionCodegen.generate(FunctionCodegen.kt:48)
	at org.jetbrains.kotlin.backend.common.CodegenUtil.reportBackendException(CodegenUtil.kt:253)
	at org.jetbrains.kotlin.backend.common.CodegenUtil.reportBackendException$default(CodegenUtil.kt:236)
	at org.jetbrains.kotlin.backend.common.phaser.PerformByIrFilePhase.invokeSequential(performByIrFile.kt:55)
	at org.jetbrains.kotlin.backend.common.phaser.PerformByIrFilePhase.invoke(performByIrFile.kt:42)
	at org.jetbrains.kotlin.backend.common.phaser.PerformByIrFilePhase.invoke(performByIrFile.kt:28)
	at org.jetbrains.kotlin.backend.common.phaser.NamedCompilerPhase.phaseBody(CompilerPhase.kt:166)
	at org.jetbrains.kotlin.backend.common.phaser.AbstractNamedCompilerPhase.invoke(CompilerPhase.kt:113)
	at org.jetbrains.kotlin.backend.common.phaser.CompositePhase.invoke(PhaseBuilders.kt:27)
	at org.jetbrains.kotlin.backend.common.phaser.CompositePhase.invoke(PhaseBuilders.kt:14)
	at org.jetbrains.kotlin.backend.common.phaser.NamedCompilerPhase.phaseBody(CompilerPhase.kt:166)
	at org.jetbrains.kotlin.backend.common.phaser.AbstractNamedCompilerPhase.invoke(CompilerPhase.kt:113)
	at org.jetbrains.kotlin.backend.common.phaser.CompilerPhaseKt.invokeToplevel(CompilerPhase.kt:62)
	at org.jetbrains.kotlin.backend.jvm.JvmIrCodegenFactory.invokeCodegen(JvmIrCodegenFactory.kt:371)
	at org.jetbrains.kotlin.codegen.CodegenFactory.generateModule(CodegenFactory.kt:47)
	at org.jetbrains.kotlin.backend.jvm.JvmIrCodegenFactory.generateModuleInFrontendIRMode(JvmIrCodegenFactory.kt:433)
	at org.jetbrains.kotlin.cli.jvm.compiler.pipeline.JvmCompilerPipelineKt.generateCodeFromIr(jvmCompilerPipeline.kt:192)
	at org.jetbrains.kotlin.cli.jvm.compiler.pipeline.JvmCompilerPipelineKt.runBackend(jvmCompilerPipeline.kt:80)
	at org.jetbrains.kotlin.cli.jvm.compiler.pipeline.JvmCompilerPipelineLightTreeKt.compileModule(jvmCompilerPipelineLightTree.kt:264)
	at org.jetbrains.kotlin.cli.jvm.compiler.pipeline.JvmCompilerPipelineLightTreeKt.compileSingleModuleUsingFrontendIrAndLightTree(jvmCompilerPipelineLightTree.kt:231)
	at org.jetbrains.kotlin.cli.jvm.compiler.pipeline.JvmCompilerPipelineLightTreeKt.compileModulesUsingFrontendIrAndLightTree(jvmCompilerPipelineLightTree.kt:86)
	at org.jetbrains.kotlin.cli.jvm.K2JVMCompiler.doExecute(K2JVMCompiler.kt:146)
	at org.jetbrains.kotlin.cli.jvm.K2JVMCompiler.doExecute(K2JVMCompiler.kt:43)
	at org.jetbrains.kotlin.cli.common.CLICompiler.execImpl(CLICompiler.kt:102)
	at org.jetbrains.kotlin.cli.common.CLICompiler.exec(CLICompiler.kt:316)
	at org.jetbrains.kotlin.incremental.IncrementalJvmCompilerRunner.runCompiler(IncrementalJvmCompilerRunner.kt:464)
	at org.jetbrains.kotlin.incremental.IncrementalJvmCompilerRunner.runCompiler(IncrementalJvmCompilerRunner.kt:73)
	at org.jetbrains.kotlin.incremental.IncrementalCompilerRunner.doCompile(IncrementalCompilerRunner.kt:506)
	at org.jetbrains.kotlin.incremental.IncrementalCompilerRunner.compileImpl(IncrementalCompilerRunner.kt:423)
	at org.jetbrains.kotlin.incremental.IncrementalCompilerRunner.tryCompileIncrementally$lambda$9$compile(IncrementalCompilerRunner.kt:249)
	at org.jetbrains.kotlin.incremental.IncrementalCompilerRunner.tryCompileIncrementally(IncrementalCompilerRunner.kt:267)
	at org.jetbrains.kotlin.incremental.IncrementalCompilerRunner.compile(IncrementalCompilerRunner.kt:120)
	at org.jetbrains.kotlin.daemon.CompileServiceImplBase.execIncrementalCompiler(CompileServiceImpl.kt:674)
	at org.jetbrains.kotlin.daemon.CompileServiceImplBase.access$execIncrementalCompiler(CompileServiceImpl.kt:91)
	at org.jetbrains.kotlin.daemon.CompileServiceImpl.compile(CompileServiceImpl.kt:1659)
	at java.base/jdk.internal.reflect.DirectMethodHandleAccessor.invoke(Unknown Source)
	at java.base/java.lang.reflect.Method.invoke(Unknown Source)
	at java.rmi/sun.rmi.server.UnicastServerRef.dispatch(Unknown Source)
	at java.rmi/sun.rmi.transport.Transport$1.run(Unknown Source)
	at java.rmi/sun.rmi.transport.Transport$1.run(Unknown Source)
	at java.base/java.security.AccessController.doPrivileged(Unknown Source)
	at java.rmi/sun.rmi.transport.Transport.serviceCall(Unknown Source)
	at java.rmi/sun.rmi.transport.tcp.TCPTransport.handleMessages(Unknown Source)
	at java.rmi/sun.rmi.transport.tcp.TCPTransport$ConnectionHandler.run0(Unknown Source)
	at java.rmi/sun.rmi.transport.tcp.TCPTransport$ConnectionHandler.lambda$run$0(Unknown Source)
	at java.base/java.security.AccessController.doPrivileged(Unknown Source)
	at java.rmi/sun.rmi.transport.tcp.TCPTransport$ConnectionHandler.run(Unknown Source)
	at java.base/java.util.concurrent.ThreadPoolExecutor.runWorker(Unknown Source)
	at java.base/java.util.concurrent.ThreadPoolExecutor$Worker.run(Unknown Source)
	at java.base/java.lang.Thread.run(Unknown Source)
Caused by: java.lang.RuntimeException: Exception while generating code for:
FUN name:LoginPage visibility:public modality:FINAL <> (modifier:androidx.compose.ui.Modifier, navController:androidx.navigation.NavController, authViewModel:np.com.bimalkafle.quizonline.login.AuthViewModel) returnType:kotlin.Unit
  annotations:
    Composable
  VALUE_PARAMETER name:modifier index:0 type:androidx.compose.ui.Modifier
    EXPRESSION_BODY
      ERROR_EXPR 'Default Stub' type=androidx.compose.ui.Modifier
  VALUE_PARAMETER name:navController index:1 type:androidx.navigation.NavController
  VALUE_PARAMETER name:authViewModel index:2 type:np.com.bimalkafle.quizonline.login.AuthViewModel
  BLOCK_BODY
    VAR PROPERTY_DELEGATE name:email$delegate type:androidx.compose.runtime.MutableState<kotlin.String> [val]
      CALL 'public final fun remember <T> (calculation: @[DisallowComposableCalls] kotlin.Function0<T of androidx.compose.runtime.ComposablesKt.remember>): T of androidx.compose.runtime.ComposablesKt.remember [inline] declared in androidx.compose.runtime.ComposablesKt' type=androidx.compose.runtime.MutableState<kotlin.String> origin=null
        <T>: androidx.compose.runtime.MutableState<kotlin.String>
        calculation: BLOCK type=kotlin.Function0<androidx.compose.runtime.MutableState<kotlin.String>> origin=LAMBDA
          COMPOSITE type=kotlin.Unit origin=null
          FUNCTION_REFERENCE 'private final fun LoginPage$lambda$0 (): androidx.compose.runtime.MutableState<kotlin.String> declared in np.com.bimalkafle.quizonline.login.page.LoginPageKt' type=kotlin.Function0<androidx.compose.runtime.MutableState<kotlin.String>> origin=INLINE_LAMBDA reflectionTarget=null
    VAR PROPERTY_DELEGATE name:password$delegate type:androidx.compose.runtime.MutableState<kotlin.String> [val]
      CALL 'public final fun remember <T> (calculation: @[DisallowComposableCalls] kotlin.Function0<T of androidx.compose.runtime.ComposablesKt.remember>): T of androidx.compose.runtime.ComposablesKt.remember [inline] declared in androidx.compose.runtime.ComposablesKt' type=androidx.compose.runtime.MutableState<kotlin.String> origin=null
        <T>: androidx.compose.runtime.MutableState<kotlin.String>
        calculation: BLOCK type=kotlin.Function0<androidx.compose.runtime.MutableState<kotlin.String>> origin=LAMBDA
          COMPOSITE type=kotlin.Unit origin=null
          FUNCTION_REFERENCE 'private final fun LoginPage$lambda$3 (): androidx.compose.runtime.MutableState<kotlin.String> declared in np.com.bimalkafle.quizonline.login.page.LoginPageKt' type=kotlin.Function0<androidx.compose.runtime.MutableState<kotlin.String>> origin=INLINE_LAMBDA reflectionTarget=null
    VAR name:authState type:androidx.compose.runtime.State<np.com.bimalkafle.quizonline.login.AuthState?> [val]
      CALL 'public final fun observeAsState <T> (): androidx.compose.runtime.State<T of androidx.compose.runtime.livedata.LiveDataAdapterKt.observeAsState?> declared in androidx.compose.runtime.livedata.LiveDataAdapterKt' type=androidx.compose.runtime.State<np.com.bimalkafle.quizonline.login.AuthState?> origin=null
        <T>: np.com.bimalkafle.quizonline.login.AuthState
        $receiver: CALL 'public final fun <get-authState> (): androidx.lifecycle.LiveData<np.com.bimalkafle.quizonline.login.AuthState> declared in np.com.bimalkafle.quizonline.login.AuthViewModel' type=androidx.lifecycle.LiveData<np.com.bimalkafle.quizonline.login.AuthState> origin=GET_PROPERTY
          $this: GET_VAR 'authViewModel: np.com.bimalkafle.quizonline.login.AuthViewModel declared in np.com.bimalkafle.quizonline.login.page.LoginPageKt.LoginPage' type=np.com.bimalkafle.quizonline.login.AuthViewModel origin=null
    VAR name:context type:android.content.Context [val]
      CALL 'public final fun <get-current> (): T of androidx.compose.runtime.CompositionLocal [inline] declared in androidx.compose.runtime.CompositionLocal' type=android.content.Context origin=GET_PROPERTY
        $this: TYPE_OP type=androidx.compose.runtime.CompositionLocal<T of androidx.compose.runtime.CompositionLocal> origin=IMPLICIT_CAST typeOperand=androidx.compose.runtime.CompositionLocal<T of androidx.compose.runtime.CompositionLocal>
          CALL 'public final fun <get-LocalContext> (): androidx.compose.runtime.ProvidableCompositionLocal<android.content.Context> declared in androidx.compose.ui.platform.AndroidCompositionLocals_androidKt' type=androidx.compose.runtime.ProvidableCompositionLocal<android.content.Context> origin=GET_PROPERTY
    CALL 'public final fun LaunchedEffect (key1: kotlin.Any?, block: @[ExtensionFunctionType] kotlin.coroutines.SuspendFunction1<kotlinx.coroutines.CoroutineScope, kotlin.Unit>): kotlin.Unit declared in androidx.compose.runtime.EffectsKt' type=kotlin.Unit origin=null
      key1: CALL 'public abstract fun <get-value> (): T of androidx.compose.runtime.State declared in androidx.compose.runtime.State' type=np.com.bimalkafle.quizonline.login.AuthState? origin=GET_PROPERTY
        $this: GET_VAR 'val authState: androidx.compose.runtime.State<np.com.bimalkafle.quizonline.login.AuthState?> [val] declared in np.com.bimalkafle.quizonline.login.page.LoginPageKt.LoginPage' type=androidx.compose.runtime.State<np.com.bimalkafle.quizonline.login.AuthState?> origin=null
      block: BLOCK type=np.com.bimalkafle.quizonline.login.page.LoginPageKt.LoginPage.<no name provided> origin=null
        CLASS SUSPEND_LAMBDA CLASS name:<no name provided> modality:FINAL visibility:public/*package*/ superTypes:[kotlin.coroutines.jvm.internal.SuspendLambda; kotlin.jvm.functions.Function2<kotlinx.coroutines.CoroutineScope, kotlin.coroutines.Continuation<kotlin.Unit>?, kotlin.Any?>]
          $this: VALUE_PARAMETER INSTANCE_RECEIVER name:<this> type:np.com.bimalkafle.quizonline.login.page.LoginPageKt.LoginPage.<no name provided>
          FIELD name:label type:kotlin.Int visibility:public/*package*/
          CONSTRUCTOR SUSPEND_LAMBDA visibility:public/*package*/ <> ($authState:androidx.compose.runtime.State<np.com.bimalkafle.quizonline.login.AuthState?>, $navController:androidx.navigation.NavController, $context:android.content.Context, $completion:kotlin.coroutines.Continuation<np.com.bimalkafle.quizonline.login.page.LoginPageKt.LoginPage.<no name provided>>?) returnType:np.com.bimalkafle.quizonline.login.page.LoginPageKt.LoginPage.<no name provided> [primary]
            VALUE_PARAMETER BOUND_VALUE_PARAMETER name:$authState index:0 type:androidx.compose.runtime.State<np.com.bimalkafle.quizonline.login.AuthState?>
            VALUE_PARAMETER BOUND_VALUE_PARAMETER name:$navController index:1 type:androidx.navigation.NavController
            VALUE_PARAMETER BOUND_VALUE_PARAMETER name:$context index:2 type:android.content.Context
            VALUE_PARAMETER name:$completion index:3 type:kotlin.coroutines.Continuation<np.com.bimalkafle.quizonline.login.page.LoginPageKt.LoginPage.<no name provided>>?
            BLOCK_BODY
              SET_FIELD 'FIELD FIELD_FOR_CAPTURED_VALUE name:$authState type:androidx.compose.runtime.State<np.com.bimalkafle.quizonline.login.AuthState?> visibility:public/*package*/ [final] declared in np.com.bimalkafle.quizonline.login.page.LoginPageKt.LoginPage.<no name provided>' type=kotlin.Unit origin=INITIALIZER_OF_FIELD_FOR_CAPTURED_VALUE
                receiver: GET_VAR '<this>: np.com.bimalkafle.quizonline.login.page.LoginPageKt.LoginPage.<no name provided> declared in np.com.bimalkafle.quizonline.login.page.LoginPageKt.LoginPage.<no name provided>' type=np.com.bimalkafle.quizonline.login.page.LoginPageKt.LoginPage.<no name provided> origin=null
                value: GET_VAR '$authState: androidx.compose.runtime.State<np.com.bimalkafle.quizonline.login.AuthState?> declared in np.com.bimalkafle.quizonline.login.page.LoginPageKt.LoginPage.<no name provided>.<init>' type=androidx.compose.runtime.State<np.com.bimalkafle.quizonline.login.AuthState?> origin=null
              SET_FIELD 'FIELD FIELD_FOR_CAPTURED_VALUE name:$navController type:androidx.navigation.NavController visibility:public/*package*/ [final] declared in np.com.bimalkafle.quizonline.login.page.LoginPageKt.LoginPage.<no name provided>' type=kotlin.Unit origin=INITIALIZER_OF_FIELD_FOR_CAPTURED_VALUE
                receiver: GET_VAR '<this>: np.com.bimalkafle.quizonline.login.page.LoginPageKt.LoginPage.<no name provided> declared in np.com.bimalkafle.quizonline.login.page.LoginPageKt.LoginPage.<no name provided>' type=np.com.bimalkafle.quizonline.login.page.LoginPageKt.LoginPage.<no name provided> origin=null
                value: GET_VAR '$navController: androidx.navigation.NavController declared in np.com.bimalkafle.quizonline.login.page.LoginPageKt.LoginPage.<no name provided>.<init>' type=androidx.navigation.NavController origin=null
              SET_FIELD 'FIELD FIELD_FOR_CAPTURED_VALUE name:$context type:android.content.Context visibility:public/*package*/ [final] declared in np.com.bimalkafle.quizonline.login.page.LoginPageKt.LoginPage.<no name provided>' type=kotlin.Unit origin=INITIALIZER_OF_FIELD_FOR_CAPTURED_VALUE
                receiver: GET_VAR '<this>: np.com.bimalkafle.quizonline.login.page.LoginPageKt.LoginPage.<no name provided> declared in np.com.bimalkafle.quizonline.login.page.LoginPageKt.LoginPage.<no name provided>' type=np.com.bimalkafle.quizonline.login.page.LoginPageKt.LoginPage.<no name provided> origin=null
                value: GET_VAR '$context: android.content.Context declared in np.com.bimalkafle.quizonline.login.page.LoginPageKt.LoginPage.<no name provided>.<init>' type=android.content.Context origin=null
              DELEGATING_CONSTRUCTOR_CALL 'public constructor <init> (arity: kotlin.Int, $completion: kotlin.coroutines.Continuation<kotlin.Any?>?) declared in kotlin.coroutines.jvm.internal.SuspendLambda'
                arity: CONST Int type=kotlin.Int value=2
                $completion: GET_VAR '$completion: kotlin.coroutines.Continuation<np.com.bimalkafle.quizonline.login.page.LoginPageKt.LoginPage.<no name provided>>? declared in np.com.bimalkafle.quizonline.login.page.LoginPageKt.LoginPage.<no name provided>.<init>' type=kotlin.coroutines.Continuation<np.com.bimalkafle.quizonline.login.page.LoginPageKt.LoginPage.<no name provided>>? origin=null
              BLOCK type=kotlin.Unit origin=null
          FUN name:invokeSuspend visibility:public modality:FINAL <> ($this:np.com.bimalkafle.quizonline.login.page.LoginPageKt.LoginPage.<no name provided>, $result:kotlin.Result<kotlin.Any?>) returnType:kotlin.Any?
            overridden:
              protected abstract fun invokeSuspend ($result: kotlin.Result<kotlin.Any?>): kotlin.Any? declared in kotlin.coroutines.jvm.internal.SuspendLambda
            $this: VALUE_PARAMETER INSTANCE_RECEIVER name:<this> type:np.com.bimalkafle.quizonline.login.page.LoginPageKt.LoginPage.<no name provided>
            VALUE_PARAMETER name:$result index:0 type:kotlin.Result<kotlin.Any?>
            BLOCK_BODY
              BLOCK type=kotlin.Unit origin=WHEN
                VAR IR_TEMPORARY_VARIABLE name:tmp0_subject type:np.com.bimalkafle.quizonline.login.AuthState? [val]
                  CALL 'public abstract fun <get-value> (): T of androidx.compose.runtime.State declared in androidx.compose.runtime.State' type=np.com.bimalkafle.quizonline.login.AuthState? origin=GET_PROPERTY
                    $this: GET_FIELD 'FIELD FIELD_FOR_CAPTURED_VALUE name:$authState type:androidx.compose.runtime.State<np.com.bimalkafle.quizonline.login.AuthState?> visibility:public/*package*/ [final] declared in np.com.bimalkafle.quizonline.login.page.LoginPageKt.LoginPage.<no name provided>' type=androidx.compose.runtime.State<np.com.bimalkafle.quizonline.login.AuthState?> origin=null
                      receiver: GET_VAR '<this>: np.com.bimalkafle.quizonline.login.page.LoginPageKt.LoginPage.<no name provided> declared in np.com.bimalkafle.quizonline.login.page.LoginPageKt.LoginPage.<no name provided>.invokeSuspend' type=np.com.bimalkafle.quizonline.login.page.LoginPageKt.LoginPage.<no name provided> origin=null
                WHEN type=kotlin.Unit origin=WHEN
                  BRANCH
                    if: TYPE_OP type=kotlin.Boolean origin=INSTANCEOF typeOperand=np.com.bimalkafle.quizonline.login.AuthState.Authenticated
                      GET_VAR 'val tmp0_subject: np.com.bimalkafle.quizonline.login.AuthState? [val] declared in np.com.bimalkafle.quizonline.login.page.LoginPageKt.LoginPage.<no name provided>.invokeSuspend' type=np.com.bimalkafle.quizonline.login.AuthState? origin=null
                    then: BLOCK type=kotlin.Unit origin=null
                      CALL 'public final fun navigate (route: kotlin.String, builder: @[ExtensionFunctionType] kotlin.Function1<androidx.navigation.NavOptionsBuilder, kotlin.Unit>): kotlin.Unit declared in androidx.navigation.NavController' type=kotlin.Unit origin=null
                        $this: GET_FIELD 'FIELD FIELD_FOR_CAPTURED_VALUE name:$navController type:androidx.navigation.NavController visibility:public/*package*/ [final] declared in np.com.bimalkafle.quizonline.login.page.LoginPageKt.LoginPage.<no name provided>' type=androidx.navigation.NavController origin=null
                          receiver: GET_VAR '<this>: np.com.bimalkafle.quizonline.login.page.LoginPageKt.LoginPage.<no name provided> declared in np.com.bimalkafle.quizonline.login.page.LoginPageKt.LoginPage.<no name provided>.invokeSuspend' type=np.com.bimalkafle.quizonline.login.page.LoginPageKt.LoginPage.<no name provided> origin=null
                        route: CONST String type=kotlin.String value="home"
                        builder: BLOCK type=@[ExtensionFunctionType] kotlin.Function1<androidx.navigation.NavOptionsBuilder, kotlin.Unit> origin=LAMBDA
                          COMPOSITE type=kotlin.Unit origin=null
                          CALL 'public final fun <jvm-indy> <T> (dynamicCall: T of kotlin.jvm.internal.<jvm-indy>, bootstrapMethodHandle: kotlin.Any, vararg bootstrapMethodArguments: kotlin.Any): T of kotlin.jvm.internal.<jvm-indy> declared in kotlin.jvm.internal' type=@[ExtensionFunctionType] kotlin.Function1<androidx.navigation.NavOptionsBuilder, kotlin.Unit> origin=null
                            <T>: @[ExtensionFunctionType] kotlin.Function1<androidx.navigation.NavOptionsBuilder, kotlin.Unit>
                            dynamicCall: CALL 'public final fun invoke (): @[ExtensionFunctionType] kotlin.Function1<androidx.navigation.NavOptionsBuilder, kotlin.Unit> declared in kotlin.jvm.internal.invokeDynamic' type=@[ExtensionFunctionType] kotlin.Function1<androidx.navigation.NavOptionsBuilder, kotlin.Unit> origin=null
                            bootstrapMethodHandle: CALL 'public final fun <jvm-method-handle> (tag: kotlin.Int, owner: kotlin.String, name: kotlin.String, descriptor: kotlin.String, isInterface: kotlin.Boolean): kotlin.Any declared in kotlin.jvm.internal' type=kotlin.Any origin=null
                              tag: CONST Int type=kotlin.Int value=6
                              owner: CONST String type=kotlin.String value="java/lang/invoke/LambdaMetafactory"
                              name: CONST String type=kotlin.String value="metafactory"
                              descriptor: CONST String type=kotlin.String value="(Ljava/lang/invoke/MethodHandles$Lookup;Ljava/lang/String;Ljava/lang/invoke/MethodType;Ljava/lang/invoke/MethodType;Ljava/lang/invoke/MethodHandle;Ljava/lang/invoke/MethodType;)Ljava/lang/invoke/CallSite;"
                              isInterface: CONST Boolean type=kotlin.Boolean value=false
                            bootstrapMethodArguments: VARARG type=kotlin.Array<kotlin.Any> varargElementType=kotlin.Any
                              CALL 'public final fun <jvm-original-method-type> (method: kotlin.Any): kotlin.Any declared in kotlin.jvm.internal' type=kotlin.Any origin=null
                                method: RAW_FUNCTION_REFERENCE 'public abstract fun invoke (p1: P1 of kotlin.Function1): R of kotlin.Function1 [operator] declared in kotlin.Function1' type=kotlin.Any
                              RAW_FUNCTION_REFERENCE 'private final fun invokeSuspend$lambda$1 ($this$navigate: androidx.navigation.NavOptionsBuilder): kotlin.Unit? declared in np.com.bimalkafle.quizonline.login.page.LoginPageKt.LoginPage.<no name provided>' type=kotlin.Any
                              CALL 'public final fun <jvm-original-method-type> (method: kotlin.Any): kotlin.Any declared in kotlin.jvm.internal' type=kotlin.Any origin=null
                                method: RAW_FUNCTION_REFERENCE 'public abstract fun invoke (p1: androidx.navigation.NavOptionsBuilder): kotlin.Unit? [fake_override,operator] declared in kotlin.jvm.internal.invokeDynamic.<fake>' type=kotlin.Any
                  BRANCH
                    if: TYPE_OP type=kotlin.Boolean origin=INSTANCEOF typeOperand=np.com.bimalkafle.quizonline.login.AuthState.Error
                      GET_VAR 'val tmp0_subject: np.com.bimalkafle.quizonline.login.AuthState? [val] declared in np.com.bimalkafle.quizonline.login.page.LoginPageKt.LoginPage.<no name provided>.invokeSuspend' type=np.com.bimalkafle.quizonline.login.AuthState? origin=null
                    then: BLOCK type=kotlin.Unit origin=null
                      CALL 'public open fun show (): kotlin.Unit declared in android.widget.Toast' type=kotlin.Unit origin=null
                        $this: CALL 'public open fun makeText (p0: @[FlexibleNullability] android.content.Context?, p1: @[FlexibleNullability] kotlin.CharSequence?, p2: kotlin.Int): @[FlexibleNullability] android.widget.Toast? declared in android.widget.Toast' type=@[FlexibleNullability] android.widget.Toast? origin=null
                          p0: GET_FIELD 'FIELD FIELD_FOR_CAPTURED_VALUE name:$context type:android.content.Context visibility:public/*package*/ [final] declared in np.com.bimalkafle.quizonline.login.page.LoginPageKt.LoginPage.<no name provided>' type=android.content.Context origin=null
                            receiver: GET_VAR '<this>: np.com.bimalkafle.quizonline.login.page.LoginPageKt.LoginPage.<no name provided> declared in np.com.bimalkafle.quizonline.login.page.LoginPageKt.LoginPage.<no name provided>.invokeSuspend' type=np.com.bimalkafle.quizonline.login.page.LoginPageKt.LoginPage.<no name provided> origin=null
                          p1: CALL 'public final fun <get-message> (): kotlin.String declared in np.com.bimalkafle.quizonline.login.AuthState.Error' type=kotlin.String origin=GET_PROPERTY
                            $this: BLOCK type=np.com.bimalkafle.quizonline.login.AuthState.Error origin=null
                              VAR IR_TEMPORARY_VARIABLE name:tmp0 type:kotlin.Any? [val]
                                CALL 'public abstract fun <get-value> (): T of androidx.compose.runtime.State declared in androidx.compose.runtime.State' type=np.com.bimalkafle.quizonline.login.AuthState? origin=GET_PROPERTY
                                  $this: GET_FIELD 'FIELD FIELD_FOR_CAPTURED_VALUE name:$authState type:androidx.compose.runtime.State<np.com.bimalkafle.quizonline.login.AuthState?> visibility:public/*package*/ [final] declared in np.com.bimalkafle.quizonline.login.page.LoginPageKt.LoginPage.<no name provided>' type=androidx.compose.runtime.State<np.com.bimalkafle.quizonline.login.AuthState?> origin=null
                                    receiver: GET_VAR '<this>: np.com.bimalkafle.quizonline.login.page.LoginPageKt.LoginPage.<no name provided> declared in np.com.bimalkafle.quizonline.login.page.LoginPageKt.LoginPage.<no name provided>.invokeSuspend' type=np.com.bimalkafle.quizonline.login.page.LoginPageKt.LoginPage.<no name provided> origin=null
                              CALL 'public final fun checkNotNull (object: kotlin.Any?, message: kotlin.String): kotlin.Unit declared in kotlin.jvm.internal.Intrinsics' type=kotlin.Unit origin=null
                                object: GET_VAR 'val tmp0: kotlin.Any? [val] declared in np.com.bimalkafle.quizonline.login.page.LoginPageKt.LoginPage.<no name provided>.invokeSuspend' type=kotlin.Any? origin=null
                                message: CONST String type=kotlin.String value="null cannot be cast to non-null type np.com.bimalkafle.quizonline.login.AuthState.Error"
                              TYPE_OP type=np.com.bimalkafle.quizonline.login.AuthState.Error? origin=CAST typeOperand=np.com.bimalkafle.quizonline.login.AuthState.Error?
                                GET_VAR 'val tmp0: kotlin.Any? [val] declared in np.com.bimalkafle.quizonline.login.page.LoginPageKt.LoginPage.<no name provided>.invokeSuspend' type=kotlin.Any? origin=null
                          p2: CONST Int type=kotlin.Int value=0
                  BRANCH
                    if: CONST Boolean type=kotlin.Boolean value=true
                    then: GET_FIELD 'FIELD FIELD_FOR_OBJECT_INSTANCE name:INSTANCE type:kotlin.Unit visibility:public [final,static] declared in kotlin.Unit' type=kotlin.Unit origin=null
          FUN name:create visibility:public modality:FINAL <> ($this:np.com.bimalkafle.quizonline.login.page.LoginPageKt.LoginPage.<no name provided>, value:kotlin.Any?, $completion:kotlin.coroutines.Continuation<kotlin.Nothing>) returnType:kotlin.coroutines.Continuation<kotlin.Unit>
            overridden:
              public open fun create (value: kotlin.Any?, $completion: kotlin.coroutines.Continuation<kotlin.Nothing>): kotlin.coroutines.Continuation<kotlin.Unit> declared in kotlin.coroutines.jvm.internal.SuspendLambda
            $this: VALUE_PARAMETER INSTANCE_RECEIVER name:<this> type:np.com.bimalkafle.quizonline.login.page.LoginPageKt.LoginPage.<no name provided>
            VALUE_PARAMETER name:value index:0 type:kotlin.Any?
            VALUE_PARAMETER name:$completion index:1 type:kotlin.coroutines.Continuation<kotlin.Nothing>
            BLOCK_BODY
              RETURN type=kotlin.Nothing from='public final fun create (value: kotlin.Any?, $completion: kotlin.coroutines.Continuation<kotlin.Nothing>): kotlin.coroutines.Continuation<kotlin.Unit> declared in np.com.bimalkafle.quizonline.login.page.LoginPageKt.LoginPage.<no name provided>'
                CONSTRUCTOR_CALL 'public/*package*/ constructor <init> ($authState: androidx.compose.runtime.State<np.com.bimalkafle.quizonline.login.AuthState?>, $navController: androidx.navigation.NavController, $context: android.content.Context, $completion: kotlin.coroutines.Continuation<np.com.bimalkafle.quizonline.login.page.LoginPageKt.LoginPage.<no name provided>>?) [primary] declared in np.com.bimalkafle.quizonline.login.page.LoginPageKt.LoginPage.<no name provided>' type=np.com.bimalkafle.quizonline.login.page.LoginPageKt.LoginPage.<no name provided> origin=null
                  $authState: GET_FIELD 'FIELD FIELD_FOR_CAPTURED_VALUE name:$authState type:androidx.compose.runtime.State<np.com.bimalkafle.quizonline.login.AuthState?> visibility:public/*package*/ [final] declared in np.com.bimalkafle.quizonline.login.page.LoginPageKt.LoginPage.<no name provided>' type=androidx.compose.runtime.State<np.com.bimalkafle.quizonline.login.AuthState?> origin=null
                    receiver: GET_VAR '<this>: np.com.bimalkafle.quizonline.login.page.LoginPageKt.LoginPage.<no name provided> declared in np.com.bimalkafle.quizonline.login.page.LoginPageKt.LoginPage.<no name provided>.create' type=np.com.bimalkafle.quizonline.login.page.LoginPageKt.LoginPage.<no name provided> origin=null
                  $navController: GET_FIELD 'FIELD FIELD_FOR_CAPTURED_VALUE name:$navController type:androidx.navigation.NavController visibility:public/*package*/ [final] declared in np.com.bimalkafle.quizonline.login.page.LoginPageKt.LoginPage.<no name provided>' type=androidx.navigation.NavController origin=null
                    receiver: GET_VAR '<this>: np.com.bimalkafle.quizonline.login.page.LoginPageKt.LoginPage.<no name provided> declared in np.com.bimalkafle.quizonline.login.page.LoginPageKt.LoginPage.<no name provided>.create' type=np.com.bimalkafle.quizonline.login.page.LoginPageKt.LoginPage.<no name provided> origin=null
                  $context: GET_FIELD 'FIELD FIELD_FOR_CAPTURED_VALUE name:$context type:android.content.Context visibility:public/*package*/ [final] declared in np.com.bimalkafle.quizonline.login.page.LoginPageKt.LoginPage.<no name provided>' type=android.content.Context origin=null
                    receiver: GET_VAR '<this>: np.com.bimalkafle.quizonline.login.page.LoginPageKt.LoginPage.<no name provided> declared in np.com.bimalkafle.quizonline.login.page.LoginPageKt.LoginPage.<no name provided>.create' type=np.com.bimalkafle.quizonline.login.page.LoginPageKt.LoginPage.<no name provided> origin=null
                  $completion: GET_VAR '$completion: kotlin.coroutines.Continuation<kotlin.Nothing> declared in np.com.bimalkafle.quizonline.login.page.LoginPageKt.LoginPage.<no name provided>.create' type=kotlin.coroutines.Continuation<kotlin.Nothing> origin=null
          FUN name:invoke visibility:public modality:FINAL <> ($this:np.com.bimalkafle.quizonline.login.page.LoginPageKt.LoginPage.<no name provided>, p1:kotlinx.coroutines.CoroutineScope, p2:kotlin.coroutines.Continuation<kotlin.Unit>?) returnType:kotlin.Any?
            overridden:
              public abstract fun invoke (p1: P1 of kotlin.jvm.functions.Function2, p2: P2 of kotlin.jvm.functions.Function2): R of kotlin.jvm.functions.Function2 declared in kotlin.jvm.functions.Function2
            $this: VALUE_PARAMETER INSTANCE_RECEIVER name:<this> type:np.com.bimalkafle.quizonline.login.page.LoginPageKt.LoginPage.<no name provided>
            VALUE_PARAMETER name:p1 index:0 type:kotlinx.coroutines.CoroutineScope
            VALUE_PARAMETER name:p2 index:1 type:kotlin.coroutines.Continuation<kotlin.Unit>?
            BLOCK_BODY
              RETURN type=kotlin.Nothing from='public final fun invoke (p1: kotlinx.coroutines.CoroutineScope, p2: kotlin.coroutines.Continuation<kotlin.Unit>?): kotlin.Any? declared in np.com.bimalkafle.quizonline.login.page.LoginPageKt.LoginPage.<no name provided>'
                CALL 'public final fun invokeSuspend ($result: kotlin.Result<kotlin.Any?>): kotlin.Any? declared in np.com.bimalkafle.quizonline.login.page.LoginPageKt.LoginPage.<no name provided>' type=kotlin.Any? origin=null
                  $this: TYPE_OP type=np.com.bimalkafle.quizonline.login.page.LoginPageKt.LoginPage.<no name provided> origin=IMPLICIT_CAST typeOperand=np.com.bimalkafle.quizonline.login.page.LoginPageKt.LoginPage.<no name provided>
                    CALL 'public final fun create (value: kotlin.Any?, $completion: kotlin.coroutines.Continuation<kotlin.Nothing>): kotlin.coroutines.Continuation<kotlin.Unit> declared in np.com.bimalkafle.quizonline.login.page.LoginPageKt.LoginPage.<no name provided>' type=kotlin.coroutines.Continuation<kotlin.Unit> origin=null
                      $this: GET_VAR '<this>: np.com.bimalkafle.quizonline.login.page.LoginPageKt.LoginPage.<no name provided> declared in np.com.bimalkafle.quizonline.login.page.LoginPageKt.LoginPage.<no name provided>.invoke' type=np.com.bimalkafle.quizonline.login.page.LoginPageKt.LoginPage.<no name provided> origin=null
                      value: GET_VAR 'p1: kotlinx.coroutines.CoroutineScope declared in np.com.bimalkafle.quizonline.login.page.LoginPageKt.LoginPage.<no name provided>.invoke' type=kotlinx.coroutines.CoroutineScope origin=null
                      $completion: GET_VAR 'p2: kotlin.coroutines.Continuation<kotlin.Unit>? declared in np.com.bimalkafle.quizonline.login.page.LoginPageKt.LoginPage.<no name provided>.invoke' type=kotlin.coroutines.Continuation<kotlin.Unit>? origin=null
                  $result: CALL 'public final fun <unsafe-coerce> <T, R> (v: T of kotlin.jvm.internal.<unsafe-coerce>): R of kotlin.jvm.internal.<unsafe-coerce> declared in kotlin.jvm.internal' type=kotlin.Result<kotlin.Any?> origin=null
                    <T>: kotlin.Any?
                    <R>: kotlin.Result<kotlin.Any?>
                    v: GET_FIELD 'FIELD FIELD_FOR_OBJECT_INSTANCE name:INSTANCE type:kotlin.Unit visibility:public [final,static] declared in kotlin.Unit' type=kotlin.Unit origin=null
          FIELD FIELD_FOR_CAPTURED_VALUE name:$authState type:androidx.compose.runtime.State<np.com.bimalkafle.quizonline.login.AuthState?> visibility:public/*package*/ [final]
          FIELD FIELD_FOR_CAPTURED_VALUE name:$navController type:androidx.navigation.NavController visibility:public/*package*/ [final]
          FIELD FIELD_FOR_CAPTURED_VALUE name:$context type:android.content.Context visibility:public/*package*/ [final]
          FUN LOCAL_FUNCTION_FOR_LAMBDA name:invokeSuspend$lambda$1$lambda$0 visibility:private modality:FINAL <> ($this$popUpTo:androidx.navigation.PopUpToBuilder) returnType:kotlin.Unit?
            VALUE_PARAMETER name:$this$popUpTo index:0 type:androidx.navigation.PopUpToBuilder
            BLOCK_BODY
              CALL 'public final fun <set-inclusive> (<set-?>: kotlin.Boolean): kotlin.Unit declared in androidx.navigation.PopUpToBuilder' type=kotlin.Unit origin=EQ
                $this: GET_VAR '$this$popUpTo: androidx.navigation.PopUpToBuilder declared in np.com.bimalkafle.quizonline.login.page.LoginPageKt.LoginPage.<no name provided>.invokeSuspend$lambda$1$lambda$0' type=androidx.navigation.PopUpToBuilder origin=null
                <set-?>: CONST Boolean type=kotlin.Boolean value=true
          FUN LOCAL_FUNCTION_FOR_LAMBDA name:invokeSuspend$lambda$1 visibility:private modality:FINAL <> ($this$navigate:androidx.navigation.NavOptionsBuilder) returnType:kotlin.Unit?
            VALUE_PARAMETER name:$this$navigate index:0 type:androidx.navigation.NavOptionsBuilder
            BLOCK_BODY
              CALL 'public final fun popUpTo (route: kotlin.String, popUpToBuilder: @[ExtensionFunctionType] kotlin.Function1<androidx.navigation.PopUpToBuilder, kotlin.Unit>): kotlin.Unit declared in androidx.navigation.NavOptionsBuilder' type=kotlin.Unit origin=null
                $this: GET_VAR '$this$navigate: androidx.navigation.NavOptionsBuilder declared in np.com.bimalkafle.quizonline.login.page.LoginPageKt.LoginPage.<no name provided>.invokeSuspend$lambda$1' type=androidx.navigation.NavOptionsBuilder origin=null
                route: CONST String type=kotlin.String value="login"
                popUpToBuilder: BLOCK type=@[ExtensionFunctionType] kotlin.Function1<androidx.navigation.PopUpToBuilder, kotlin.Unit> origin=LAMBDA
                  COMPOSITE type=kotlin.Unit origin=null
                  CALL 'public final fun <jvm-indy> <T> (dynamicCall: T of kotlin.jvm.internal.<jvm-indy>, bootstrapMethodHandle: kotlin.Any, vararg bootstrapMethodArguments: kotlin.Any): T of kotlin.jvm.internal.<jvm-indy> declared in kotlin.jvm.internal' type=@[ExtensionFunctionType] kotlin.Function1<androidx.navigation.PopUpToBuilder, kotlin.Unit> origin=null
                    <T>: @[ExtensionFunctionType] kotlin.Function1<androidx.navigation.PopUpToBuilder, kotlin.Unit>
                    dynamicCall: CALL 'public final fun invoke (): @[ExtensionFunctionType] kotlin.Function1<androidx.navigation.PopUpToBuilder, kotlin.Unit> declared in kotlin.jvm.internal.invokeDynamic' type=@[ExtensionFunctionType] kotlin.Function1<androidx.navigation.PopUpToBuilder, kotlin.Unit> origin=null
                    bootstrapMethodHandle: CALL 'public final fun <jvm-method-handle> (tag: kotlin.Int, owner: kotlin.String, name: kotlin.String, descriptor: kotlin.String, isInterface: kotlin.Boolean): kotlin.Any declared in kotlin.jvm.internal' type=kotlin.Any origin=null
                      tag: CONST Int type=kotlin.Int value=6
                      owner: CONST String type=kotlin.String value="java/lang/invoke/LambdaMetafactory"
                      name: CONST String type=kotlin.String value="metafactory"
                      descriptor: CONST String type=kotlin.String value="(Ljava/lang/invoke/MethodHandles$Lookup;Ljava/lang/String;Ljava/lang/invoke/MethodType;Ljava/lang/invoke/MethodType;Ljava/lang/invoke/MethodHandle;Ljava/lang/invoke/MethodType;)Ljava/lang/invoke/CallSite;"
                      isInterface: CONST Boolean type=kotlin.Boolean value=false
                    bootstrapMethodArguments: VARARG type=kotlin.Array<kotlin.Any> varargElementType=kotlin.Any
                      CALL 'public final fun <jvm-original-method-type> (method: kotlin.Any): kotlin.Any declared in kotlin.jvm.internal' type=kotlin.Any origin=null
                        method: RAW_FUNCTION_REFERENCE 'public abstract fun invoke (p1: P1 of kotlin.Function1): R of kotlin.Function1 [operator] declared in kotlin.Function1' type=kotlin.Any
                      RAW_FUNCTION_REFERENCE 'private final fun invokeSuspend$lambda$1$lambda$0 ($this$popUpTo: androidx.navigation.PopUpToBuilder): kotlin.Unit? declared in np.com.bimalkafle.quizonline.login.page.LoginPageKt.LoginPage.<no name provided>' type=kotlin.Any
                      CALL 'public final fun <jvm-original-method-type> (method: kotlin.Any): kotlin.Any declared in kotlin.jvm.internal' type=kotlin.Any origin=null
                        method: RAW_FUNCTION_REFERENCE 'public abstract fun invoke (p1: androidx.navigation.PopUpToBuilder): kotlin.Unit? [fake_override,operator] declared in kotlin.jvm.internal.invokeDynamic.<fake>' type=kotlin.Any
          FUN BRIDGE name:invoke visibility:public modality:OPEN <> ($this:np.com.bimalkafle.quizonline.login.page.LoginPageKt.LoginPage.<no name provided>, p1:kotlin.Any?, p2:kotlin.Any?) returnType:kotlin.Any?
            $this: VALUE_PARAMETER INSTANCE_RECEIVER name:<this> type:np.com.bimalkafle.quizonline.login.page.LoginPageKt.LoginPage.<no name provided>
            VALUE_PARAMETER BRIDGE name:p1 index:0 type:kotlin.Any?
            VALUE_PARAMETER BRIDGE name:p2 index:1 type:kotlin.Any?
            EXPRESSION_BODY
              RETURN type=kotlin.Nothing from='public open fun invoke (p1: kotlin.Any?, p2: kotlin.Any?): kotlin.Any? declared in np.com.bimalkafle.quizonline.login.page.LoginPageKt.LoginPage.<no name provided>'
                CALL 'public final fun invoke (p1: kotlinx.coroutines.CoroutineScope, p2: kotlin.coroutines.Continuation<kotlin.Unit>?): kotlin.Any? declared in np.com.bimalkafle.quizonline.login.page.LoginPageKt.LoginPage.<no name provided>' type=kotlin.Any? origin=BRIDGE_DELEGATION
                  $this: GET_VAR '<this>: np.com.bimalkafle.quizonline.login.page.LoginPageKt.LoginPage.<no name provided> declared in np.com.bimalkafle.quizonline.login.page.LoginPageKt.LoginPage.<no name provided>.invoke' type=np.com.bimalkafle.quizonline.login.page.LoginPageKt.LoginPage.<no name provided> origin=null
                  p1: TYPE_OP type=kotlinx.coroutines.CoroutineScope origin=IMPLICIT_CAST typeOperand=kotlinx.coroutines.CoroutineScope
                    GET_VAR 'p1: kotlin.Any? declared in np.com.bimalkafle.quizonline.login.page.LoginPageKt.LoginPage.<no name provided>.invoke' type=kotlin.Any? origin=null
                  p2: TYPE_OP type=kotlin.coroutines.Continuation<*> origin=IMPLICIT_CAST typeOperand=kotlin.coroutines.Continuation<*>
                    GET_VAR 'p2: kotlin.Any? declared in np.com.bimalkafle.quizonline.login.page.LoginPageKt.LoginPage.<no name provided>.invoke' type=kotlin.Any? origin=null
        CONSTRUCTOR_CALL 'public/*package*/ constructor <init> ($authState: androidx.compose.runtime.State<np.com.bimalkafle.quizonline.login.AuthState?>, $navController: androidx.navigation.NavController, $context: android.content.Context, $completion: kotlin.coroutines.Continuation<np.com.bimalkafle.quizonline.login.page.LoginPageKt.LoginPage.<no name provided>>?) [primary] declared in np.com.bimalkafle.quizonline.login.page.LoginPageKt.LoginPage.<no name provided>' type=np.com.bimalkafle.quizonline.login.page.LoginPageKt.LoginPage.<no name provided> origin=null
          $authState: GET_VAR 'val authState: androidx.compose.runtime.State<np.com.bimalkafle.quizonline.login.AuthState?> [val] declared in np.com.bimalkafle.quizonline.login.page.LoginPageKt.LoginPage' type=androidx.compose.runtime.State<np.com.bimalkafle.quizonline.login.AuthState?> origin=null
          $navController: GET_VAR 'navController: androidx.navigation.NavController declared in np.com.bimalkafle.quizonline.login.page.LoginPageKt.LoginPage' type=androidx.navigation.NavController origin=null
          $context: GET_VAR 'val context: android.content.Context [val] declared in np.com.bimalkafle.quizonline.login.page.LoginPageKt.LoginPage' type=android.content.Context origin=null
          $completion: CONST Null type=kotlin.Nothing? value=null
    CALL 'public final fun Box$default (modifier: androidx.compose.ui.Modifier?, contentAlignment: androidx.compose.ui.Alignment?, propagateMinConstraints: kotlin.Boolean, content: @[Composable] @[ExtensionFunctionType] kotlin.Function1<androidx.compose.foundation.layout.BoxScope, kotlin.Unit>, $mask0: kotlin.Int, $handler: kotlin.Any?): kotlin.Unit [inline] declared in androidx.compose.foundation.layout.BoxKt' type=kotlin.Unit origin=DEFAULT_DISPATCH_CALL
      modifier: CALL 'public final fun background-bw27NRU$default (color: androidx.compose.ui.graphics.Color, shape: androidx.compose.ui.graphics.Shape?, $mask0: kotlin.Int, $handler: kotlin.Any?): androidx.compose.ui.Modifier declared in androidx.compose.foundation.BackgroundKt' type=androidx.compose.ui.Modifier origin=DEFAULT_DISPATCH_CALL
        $receiver: CALL 'public final fun fillMaxSize$default (fraction: kotlin.Float, $mask0: kotlin.Int, $handler: kotlin.Any?): androidx.compose.ui.Modifier declared in androidx.compose.foundation.layout.SizeKt' type=androidx.compose.ui.Modifier origin=DEFAULT_DISPATCH_CALL
          $receiver: GET_VAR 'modifier: androidx.compose.ui.Modifier declared in np.com.bimalkafle.quizonline.login.page.LoginPageKt.LoginPage' type=androidx.compose.ui.Modifier origin=null
          fraction: COMPOSITE type=kotlin.Float origin=DEFAULT_VALUE
            CONST Float type=kotlin.Float value=0.0
          $mask0: CONST Int type=kotlin.Int value=1
          $handler: CONST Null type=kotlin.Any? value=null
        color: CALL 'public final fun Color (color: kotlin.Long): androidx.compose.ui.graphics.Color declared in androidx.compose.ui.graphics.ColorKt' type=androidx.compose.ui.graphics.Color origin=null
          color: CONST Long type=kotlin.Long value=4293454582
        shape: COMPOSITE type=androidx.compose.ui.graphics.Shape? origin=DEFAULT_VALUE
          CONST Null type=androidx.compose.ui.graphics.Shape? value=null
        $mask0: CONST Int type=kotlin.Int value=2
        $handler: CONST Null type=kotlin.Any? value=null
      contentAlignment: CALL 'public final fun <get-Center> (): androidx.compose.ui.Alignment declared in androidx.compose.ui.Alignment.Companion' type=androidx.compose.ui.Alignment origin=GET_PROPERTY
        $this: GET_FIELD 'FIELD FIELD_FOR_OBJECT_INSTANCE name:Companion type:androidx.compose.ui.Alignment.Companion visibility:public [final,static] declared in androidx.compose.ui.Alignment' type=androidx.compose.ui.Alignment.Companion origin=null
      propagateMinConstraints: COMPOSITE type=kotlin.Boolean origin=DEFAULT_VALUE
        CONST Boolean type=kotlin.Boolean value=false
      content: BLOCK type=@[ExtensionFunctionType] kotlin.Function1<androidx.compose.foundation.layout.BoxScope, kotlin.Unit> origin=LAMBDA
        COMPOSITE type=kotlin.Unit origin=null
        FUNCTION_REFERENCE 'private final fun LoginPage$lambda$15 ($authState: androidx.compose.runtime.State<np.com.bimalkafle.quizonline.login.AuthState?>, $email$delegate: androidx.compose.runtime.MutableState<kotlin.String>, $password$delegate: androidx.compose.runtime.MutableState<kotlin.String>, $authViewModel: np.com.bimalkafle.quizonline.login.AuthViewModel, $navController: androidx.navigation.NavController): kotlin.Unit declared in np.com.bimalkafle.quizonline.login.page.LoginPageKt' type=@[ExtensionFunctionType] kotlin.Function1<androidx.compose.foundation.layout.BoxScope, kotlin.Unit> origin=INLINE_LAMBDA reflectionTarget=null
          $authState: GET_VAR 'val authState: androidx.compose.runtime.State<np.com.bimalkafle.quizonline.login.AuthState?> [val] declared in np.com.bimalkafle.quizonline.login.page.LoginPageKt.LoginPage' type=androidx.compose.runtime.State<np.com.bimalkafle.quizonline.login.AuthState?> origin=null
          $email$delegate: GET_VAR 'val email$delegate: androidx.compose.runtime.MutableState<kotlin.String> [val] declared in np.com.bimalkafle.quizonline.login.page.LoginPageKt.LoginPage' type=androidx.compose.runtime.MutableState<kotlin.String> origin=null
          $password$delegate: GET_VAR 'val password$delegate: androidx.compose.runtime.MutableState<kotlin.String> [val] declared in np.com.bimalkafle.quizonline.login.page.LoginPageKt.LoginPage' type=androidx.compose.runtime.MutableState<kotlin.String> origin=null
          $authViewModel: GET_VAR 'authViewModel: np.com.bimalkafle.quizonline.login.AuthViewModel declared in np.com.bimalkafle.quizonline.login.page.LoginPageKt.LoginPage' type=np.com.bimalkafle.quizonline.login.AuthViewModel origin=null
          $navController: GET_VAR 'navController: androidx.navigation.NavController declared in np.com.bimalkafle.quizonline.login.page.LoginPageKt.LoginPage' type=androidx.navigation.NavController origin=null
      $mask0: CONST Int type=kotlin.Int value=4
      $handler: CONST Null type=kotlin.Any? value=null

	at org.jetbrains.kotlin.backend.jvm.codegen.FunctionCodegen.generate(FunctionCodegen.kt:48)
	at org.jetbrains.kotlin.backend.jvm.codegen.FunctionCodegen.generate$default(FunctionCodegen.kt:41)
	at org.jetbrains.kotlin.backend.jvm.codegen.ClassCodegen.generateMethodNode(ClassCodegen.kt:407)
	at org.jetbrains.kotlin.backend.jvm.codegen.ClassCodegen.generateMethod(ClassCodegen.kt:424)
	at org.jetbrains.kotlin.backend.jvm.codegen.ClassCodegen.generate(ClassCodegen.kt:169)
	at org.jetbrains.kotlin.backend.jvm.FileCodegen.lower(JvmPhases.kt:39)
	at org.jetbrains.kotlin.backend.common.phaser.PhaseFactoriesKt.createFilePhase$lambda$4(PhaseFactories.kt:71)
	at org.jetbrains.kotlin.backend.common.phaser.PhaseBuildersKt$createSimpleNamedCompilerPhase$1.phaseBody(PhaseBuilders.kt:69)
	at org.jetbrains.kotlin.backend.common.phaser.SimpleNamedCompilerPhase.phaseBody(CompilerPhase.kt:226)
	at org.jetbrains.kotlin.backend.common.phaser.AbstractNamedCompilerPhase.invoke(CompilerPhase.kt:113)
	at org.jetbrains.kotlin.backend.common.phaser.PerformByIrFilePhase.invokeSequential(performByIrFile.kt:52)
	... 46 more
Caused by: org.jetbrains.kotlin.codegen.CompilationException: Back-end (JVM) Internal error: Couldn't inline method call: CALL 'public final fun remember <T> (calculation: @[DisallowComposableCalls] kotlin.Function0<T of androidx.compose.runtime.ComposablesKt.remember>): T of androidx.compose.runtime.ComposablesKt.remember [inline] declared in androidx.compose.runtime.ComposablesKt' type=androidx.compose.runtime.MutableState<kotlin.String> origin=null
Method: null
File is unknown
The root cause java.lang.IllegalStateException was thrown at: org.jetbrains.kotlin.codegen.inline.SourceCompilerForInlineKt.getMethodNode(SourceCompilerForInline.kt:118)
	at org.jetbrains.kotlin.codegen.inline.InlineCodegen.performInline(InlineCodegen.kt:65)
	at org.jetbrains.kotlin.backend.jvm.codegen.IrInlineCodegen.genInlineCall(IrInlineCodegen.kt:163)
	at org.jetbrains.kotlin.backend.jvm.codegen.IrInlineCallGenerator.genCall(IrInlineCallGenerator.kt:36)
	at org.jetbrains.kotlin.backend.jvm.codegen.ExpressionCodegen.visitCall(ExpressionCodegen.kt:598)
	at org.jetbrains.kotlin.backend.jvm.codegen.ExpressionCodegen.visitCall(ExpressionCodegen.kt:134)
	at org.jetbrains.kotlin.ir.expressions.IrCall.accept(IrCall.kt:24)
	at org.jetbrains.kotlin.backend.jvm.codegen.ExpressionCodegen.visitVariable(ExpressionCodegen.kt:735)
	at org.jetbrains.kotlin.backend.jvm.codegen.ExpressionCodegen.visitVariable(ExpressionCodegen.kt:134)
	at org.jetbrains.kotlin.ir.declarations.IrVariable.accept(IrVariable.kt:36)
	at org.jetbrains.kotlin.backend.jvm.codegen.ExpressionCodegen.visitStatementContainer(ExpressionCodegen.kt:524)
	at org.jetbrains.kotlin.backend.jvm.codegen.ExpressionCodegen.visitBlockBody(ExpressionCodegen.kt:529)
	at org.jetbrains.kotlin.backend.jvm.codegen.ExpressionCodegen.visitBlockBody(ExpressionCodegen.kt:134)
	at org.jetbrains.kotlin.ir.expressions.IrBlockBody.accept(IrBlockBody.kt:20)
	at org.jetbrains.kotlin.backend.jvm.codegen.ExpressionCodegen.generate(ExpressionCodegen.kt:236)
	at org.jetbrains.kotlin.backend.jvm.codegen.FunctionCodegen.doGenerate(FunctionCodegen.kt:124)
	at org.jetbrains.kotlin.backend.jvm.codegen.FunctionCodegen.generate(FunctionCodegen.kt:45)
	... 56 more
Caused by: java.lang.IllegalStateException: couldn't find inline method Landroidx/compose/runtime/ComposablesKt;.remember(Lkotlin/jvm/functions/Function0;)Ljava/lang/Object;
	at org.jetbrains.kotlin.codegen.inline.SourceCompilerForInlineKt.getMethodNode(SourceCompilerForInline.kt:118)
	at org.jetbrains.kotlin.codegen.inline.SourceCompilerForInlineKt.loadCompiledInlineFunction(SourceCompilerForInline.kt:96)
	at org.jetbrains.kotlin.backend.jvm.codegen.IrSourceCompilerForInline.compileInlineFunction(IrSourceCompilerForInline.kt:91)
	at org.jetbrains.kotlin.codegen.inline.InlineCodegen.compileInline(InlineCodegen.kt:43)
	at org.jetbrains.kotlin.codegen.inline.InlineCodegen.performInline(InlineCodegen.kt:51)
	... 71 more


